Using pre-set license
Built from '2020.3/release' branch; Version is '2020.3.7f1 (dd97f2c94397) revision 14522354'; Using compiler version '192528614'; Build Type 'Release'
OS: 'Windows 10 Pro; OS build 19044.1526; Version 2009; 64bit' Language: 'en' Physical Memory: 3969 MB
BatchMode: 1, IsHumanControllingUs: 0, StartBugReporterOnCrash: 0, Is64bit: 1, IsPro: 0

 COMMAND LINE ARGUMENTS:
D:\VSCode\2020.3.7f1\Editor\Unity.exe
-adb2
-batchMode
-noUpm
-name
AssetImportWorker0
-projectPath
C:/Users/Admin/Documents/GitHub/Endless Runner
-logFile
Logs/AssetImportWorker0.log
-srvPort
61695
Successfully changed project path to: C:/Users/Admin/Documents/GitHub/Endless Runner
C:/Users/Admin/Documents/GitHub/Endless Runner
Using Asset Import Pipeline V2.
Refreshing native plugins compatible for Editor in 85.59 ms, found 1 plugins.
Preloading 0 native plugins for Editor in 0.00 ms.
Initialize engine version: 2020.3.7f1 (dd97f2c94397)
[Subsystems] Discovering subsystems at path D:/VSCode/2020.3.7f1/Editor/Data/Resources/UnitySubsystems
[Subsystems] Discovering subsystems at path C:/Users/Admin/Documents/GitHub/Endless Runner/Assets
GfxDevice: creating device client; threaded=0
Direct3D:
    Version:  Direct3D 11.0 [level 11.0]
    Renderer: NVIDIA GeForce GTX 960M (ID=0x139b)
    Vendor:   
    VRAM:     4055 MB
    Driver:   23.21.13.9125
Initialize mono
Mono path[0] = 'D:/VSCode/2020.3.7f1/Editor/Data/Managed'
Mono path[1] = 'D:/VSCode/2020.3.7f1/Editor/Data/MonoBleedingEdge/lib/mono/unityjit'
Mono config path = 'D:/VSCode/2020.3.7f1/Editor/Data/MonoBleedingEdge/etc'
Using monoOptions --debugger-agent=transport=dt_socket,embedding=1,server=y,suspend=n,address=127.0.0.1:56240
Begin MonoManager ReloadAssembly
Registering precompiled unity dll's ...
Register platform support module: D:/VSCode/2020.3.7f1/Editor/Data/PlaybackEngines/WebGLSupport/UnityEditor.WebGL.Extensions.dll
Register platform support module: D:/VSCode/2020.3.7f1/Editor/Data/PlaybackEngines/WindowsStandaloneSupport/UnityEditor.WindowsStandalone.Extensions.dll
Registered in 0.039398 seconds.
Native extension for WindowsStandalone target not found
Native extension for WebGL target not found
Refreshing native plugins compatible for Editor in 54.21 ms, found 1 plugins.
Preloading 0 native plugins for Editor in 0.00 ms.
Mono: successfully reloaded assembly
- Completed reload, in 23.192 seconds
Platform modules already initialized, skipping
Registering precompiled user dll's ...
Registered in 0.004194 seconds.
Begin MonoManager ReloadAssembly
Native extension for WindowsStandalone target not found
Native extension for WebGL target not found
Refreshing native plugins compatible for Editor in 60.67 ms, found 1 plugins.
Preloading 0 native plugins for Editor in 0.00 ms.
Mono: successfully reloaded assembly
- Completed reload, in  1.478 seconds
Platform modules already initialized, skipping
========================================================================
Worker process is ready to serve import requests
Launched and connected shader compiler UnityShaderCompiler.exe after 0.28 seconds
Refreshing native plugins compatible for Editor in 0.55 ms, found 1 plugins.
Preloading 0 native plugins for Editor in 0.00 ms.
Unloading 1920 Unused Serialized files (Serialized files now loaded: 0)
System memory in use before: 88.2 MB.
System memory in use after: 88.3 MB.

Unloading 32 unused Assets to reduce memory usage. Loaded Objects now: 2356.
Total: 4.354900 ms (FindLiveObjects: 0.779000 ms CreateObjectMapping: 0.230600 ms MarkObjects: 3.214800 ms  DeleteObjects: 0.128000 ms)

========================================================================
Received Import Request.
  path: Assets/Scripts/PlayerController.cs
  artifactKey: Guid(b939e08075fe31d4ca4097f7e50bee1a) Importer(815301076,1909f56bfc062723c751e8b465ee728b)
Start importing Assets/Scripts/PlayerController.cs using Guid(b939e08075fe31d4ca4097f7e50bee1a) Importer(815301076,1909f56bfc062723c751e8b465ee728b)  -> (artifact id: 'd01f54a1addf3e02aeea28022e9e6211') in 0.511154 seconds
  Import took 0.518622 seconds .

========================================================================
Received Prepare
Registering precompiled user dll's ...
Registered in 0.026491 seconds.
Begin MonoManager ReloadAssembly
Native extension for WindowsStandalone target not found
Native extension for WebGL target not found
Refreshing native plugins compatible for Editor in 0.77 ms, found 1 plugins.
Preloading 0 native plugins for Editor in 0.00 ms.
Mono: successfully reloaded assembly
- Completed reload, in  7.757 seconds
Platform modules already initialized, skipping
Refreshing native plugins compatible for Editor in 0.57 ms, found 1 plugins.
Preloading 0 native plugins for Editor in 0.00 ms.
Unloading 1910 Unused Serialized files (Serialized files now loaded: 0)
System memory in use before: 87.6 MB.
System memory in use after: 87.8 MB.

Unloading 20 unused Assets to reduce memory usage. Loaded Objects now: 2360.
Total: 3.754800 ms (FindLiveObjects: 0.301200 ms CreateObjectMapping: 0.129100 ms MarkObjects: 3.245500 ms  DeleteObjects: 0.053200 ms)

========================================================================
Received Prepare
Registering precompiled user dll's ...
Registered in 0.002166 seconds.
Begin MonoManager ReloadAssembly
Native extension for WindowsStandalone target not found
Native extension for WebGL target not found
Refreshing native plugins compatible for Editor in 0.63 ms, found 1 plugins.
Preloading 0 native plugins for Editor in 0.00 ms.
Mono: successfully reloaded assembly
- Completed reload, in  1.463 seconds
Platform modules already initialized, skipping
Refreshing native plugins compatible for Editor in 0.63 ms, found 1 plugins.
Preloading 0 native plugins for Editor in 0.00 ms.
Unloading 1910 Unused Serialized files (Serialized files now loaded: 0)
System memory in use before: 87.7 MB.
System memory in use after: 87.8 MB.

Unloading 20 unused Assets to reduce memory usage. Loaded Objects now: 2364.
Total: 3.213600 ms (FindLiveObjects: 0.510300 ms CreateObjectMapping: 0.138900 ms MarkObjects: 2.507600 ms  DeleteObjects: 0.053900 ms)

========================================================================
Received Import Request.
  Time since last request: 2519.688924 seconds.
  path: Assets/Scripts/PlayerController.cs
  artifactKey: Guid(b939e08075fe31d4ca4097f7e50bee1a) Importer(815301076,1909f56bfc062723c751e8b465ee728b)
Start importing Assets/Scripts/PlayerController.cs using Guid(b939e08075fe31d4ca4097f7e50bee1a) Importer(815301076,1909f56bfc062723c751e8b465ee728b)  -> (artifact id: '78cdc02404d0320ee8d29b643c3efcb2') in 0.244972 seconds
  Import took 0.268216 seconds .

========================================================================
Received Prepare
Registering precompiled user dll's ...
Registered in 0.002185 seconds.
Begin MonoManager ReloadAssembly
Native extension for WindowsStandalone target not found
Native extension for WebGL target not found
Refreshing native plugins compatible for Editor in 2.02 ms, found 1 plugins.
Preloading 0 native plugins for Editor in 0.00 ms.
Mono: successfully reloaded assembly
- Completed reload, in  2.758 seconds
Platform modules already initialized, skipping
Refreshing native plugins compatible for Editor in 0.74 ms, found 1 plugins.
Preloading 0 native plugins for Editor in 0.00 ms.
Unloading 1910 Unused Serialized files (Serialized files now loaded: 0)
System memory in use before: 87.7 MB.
System memory in use after: 87.8 MB.

Unloading 20 unused Assets to reduce memory usage. Loaded Objects now: 2368.
Total: 4.852200 ms (FindLiveObjects: 0.624100 ms CreateObjectMapping: 0.429600 ms MarkObjects: 3.765900 ms  DeleteObjects: 0.029700 ms)

========================================================================
Received Prepare
Registering precompiled user dll's ...
Registered in 0.001391 seconds.
Begin MonoManager ReloadAssembly
Native extension for WindowsStandalone target not found
Native extension for WebGL target not found
Refreshing native plugins compatible for Editor in 0.66 ms, found 1 plugins.
Preloading 0 native plugins for Editor in 0.00 ms.
Mono: successfully reloaded assembly
- Completed reload, in  1.189 seconds
Platform modules already initialized, skipping
Refreshing native plugins compatible for Editor in 0.75 ms, found 1 plugins.
Preloading 0 native plugins for Editor in 0.00 ms.
Unloading 1910 Unused Serialized files (Serialized files now loaded: 0)
System memory in use before: 87.7 MB.
System memory in use after: 87.8 MB.

Unloading 20 unused Assets to reduce memory usage. Loaded Objects now: 2372.
Total: 5.761700 ms (FindLiveObjects: 0.351000 ms CreateObjectMapping: 0.159300 ms MarkObjects: 5.215600 ms  DeleteObjects: 0.033700 ms)

========================================================================
Received Prepare
Registering precompiled user dll's ...
Registered in 0.001389 seconds.
Begin MonoManager ReloadAssembly
Native extension for WindowsStandalone target not found
Native extension for WebGL target not found
Refreshing native plugins compatible for Editor in 0.68 ms, found 1 plugins.
Preloading 0 native plugins for Editor in 0.00 ms.
Mono: successfully reloaded assembly
- Completed reload, in  1.183 seconds
Platform modules already initialized, skipping
Refreshing native plugins compatible for Editor in 0.61 ms, found 1 plugins.
Preloading 0 native plugins for Editor in 0.00 ms.
Unloading 1910 Unused Serialized files (Serialized files now loaded: 0)
System memory in use before: 87.7 MB.
System memory in use after: 87.8 MB.

Unloading 20 unused Assets to reduce memory usage. Loaded Objects now: 2376.
Total: 2.852300 ms (FindLiveObjects: 0.388100 ms CreateObjectMapping: 0.115800 ms MarkObjects: 2.256700 ms  DeleteObjects: 0.090500 ms)

========================================================================
Received Prepare
Registering precompiled user dll's ...
Registered in 0.001274 seconds.
Begin MonoManager ReloadAssembly
Native extension for WindowsStandalone target not found
Native extension for WebGL target not found
Refreshing native plugins compatible for Editor in 0.57 ms, found 1 plugins.
Preloading 0 native plugins for Editor in 0.00 ms.
Mono: successfully reloaded assembly
- Completed reload, in  1.202 seconds
Platform modules already initialized, skipping
Refreshing native plugins compatible for Editor in 0.63 ms, found 1 plugins.
Preloading 0 native plugins for Editor in 0.00 ms.
Unloading 1910 Unused Serialized files (Serialized files now loaded: 0)
System memory in use before: 87.7 MB.
System memory in use after: 87.9 MB.

Unloading 20 unused Assets to reduce memory usage. Loaded Objects now: 2380.
Total: 2.485500 ms (FindLiveObjects: 0.275200 ms CreateObjectMapping: 0.120100 ms MarkObjects: 2.056400 ms  DeleteObjects: 0.032500 ms)

========================================================================
Received Import Request.
  Time since last request: 484.420773 seconds.
  path: Assets/Scripts/PlayerController.cs
  artifactKey: Guid(b939e08075fe31d4ca4097f7e50bee1a) Importer(815301076,1909f56bfc062723c751e8b465ee728b)
Start importing Assets/Scripts/PlayerController.cs using Guid(b939e08075fe31d4ca4097f7e50bee1a) Importer(815301076,1909f56bfc062723c751e8b465ee728b)  -> (artifact id: '7fd72c8c50e5fe2f008961cb6cb2e404') in 0.008407 seconds
  Import took 0.018779 seconds .

========================================================================
Received Import Request.
  Time since last request: 0.053634 seconds.
  path: Assets/Scripts/PlayerController.cs
  artifactKey: Guid(b939e08075fe31d4ca4097f7e50bee1a) Importer(815301076,1909f56bfc062723c751e8b465ee728b)
Start importing Assets/Scripts/PlayerController.cs using Guid(b939e08075fe31d4ca4097f7e50bee1a) Importer(815301076,1909f56bfc062723c751e8b465ee728b)  -> (artifact id: '7fd72c8c50e5fe2f008961cb6cb2e404') in 0.005767 seconds
  Import took 0.022592 seconds .

========================================================================
Received Prepare
Registering precompiled user dll's ...
Registered in 0.001533 seconds.
Begin MonoManager ReloadAssembly
Native extension for WindowsStandalone target not found
Native extension for WebGL target not found
Refreshing native plugins compatible for Editor in 0.60 ms, found 1 plugins.
Preloading 0 native plugins for Editor in 0.00 ms.
Mono: successfully reloaded assembly
- Completed reload, in  1.073 seconds
Platform modules already initialized, skipping
Refreshing native plugins compatible for Editor in 0.61 ms, found 1 plugins.
Preloading 0 native plugins for Editor in 0.00 ms.
Unloading 1910 Unused Serialized files (Serialized files now loaded: 0)
System memory in use before: 87.7 MB.
System memory in use after: 87.9 MB.

Unloading 20 unused Assets to reduce memory usage. Loaded Objects now: 2384.
Total: 3.489800 ms (FindLiveObjects: 0.626500 ms CreateObjectMapping: 0.211400 ms MarkObjects: 2.602400 ms  DeleteObjects: 0.048100 ms)

========================================================================
Received Prepare
Registering precompiled user dll's ...
Registered in 0.001584 seconds.
Begin MonoManager ReloadAssembly
Native extension for WindowsStandalone target not found
Native extension for WebGL target not found
Refreshing native plugins compatible for Editor in 0.56 ms, found 1 plugins.
Preloading 0 native plugins for Editor in 0.00 ms.
Mono: successfully reloaded assembly
- Completed reload, in  1.115 seconds
Platform modules already initialized, skipping
Refreshing native plugins compatible for Editor in 0.73 ms, found 1 plugins.
Preloading 0 native plugins for Editor in 0.00 ms.
Unloading 1910 Unused Serialized files (Serialized files now loaded: 0)
System memory in use before: 87.8 MB.
System memory in use after: 87.9 MB.

Unloading 20 unused Assets to reduce memory usage. Loaded Objects now: 2388.
Total: 2.721400 ms (FindLiveObjects: 0.374400 ms CreateObjectMapping: 0.122800 ms MarkObjects: 2.133800 ms  DeleteObjects: 0.088300 ms)

========================================================================
Received Prepare
Registering precompiled user dll's ...
Registered in 0.001847 seconds.
Begin MonoManager ReloadAssembly
Native extension for WindowsStandalone target not found
Native extension for WebGL target not found
Refreshing native plugins compatible for Editor in 0.72 ms, found 1 plugins.
Preloading 0 native plugins for Editor in 0.00 ms.
Mono: successfully reloaded assembly
- Completed reload, in  1.171 seconds
Platform modules already initialized, skipping
Refreshing native plugins compatible for Editor in 0.71 ms, found 1 plugins.
Preloading 0 native plugins for Editor in 0.00 ms.
Unloading 1910 Unused Serialized files (Serialized files now loaded: 0)
System memory in use before: 87.8 MB.
System memory in use after: 87.9 MB.

Unloading 20 unused Assets to reduce memory usage. Loaded Objects now: 2392.
Total: 2.747600 ms (FindLiveObjects: 0.242800 ms CreateObjectMapping: 0.097900 ms MarkObjects: 2.378100 ms  DeleteObjects: 0.027500 ms)

========================================================================
Received Import Request.
  Time since last request: 48.872691 seconds.
  path: Assets/Scripts/PlayerController.cs
  artifactKey: Guid(b939e08075fe31d4ca4097f7e50bee1a) Importer(815301076,1909f56bfc062723c751e8b465ee728b)
Start importing Assets/Scripts/PlayerController.cs using Guid(b939e08075fe31d4ca4097f7e50bee1a) Importer(815301076,1909f56bfc062723c751e8b465ee728b)  -> (artifact id: '69a777777c0a0d711cab1a87ed07b74e') in 0.015036 seconds
  Import took 0.026838 seconds .

========================================================================
Received Prepare
Registering precompiled user dll's ...
Registered in 0.002097 seconds.
Begin MonoManager ReloadAssembly
Native extension for WindowsStandalone target not found
Native extension for WebGL target not found
Refreshing native plugins compatible for Editor in 0.58 ms, found 1 plugins.
Preloading 0 native plugins for Editor in 0.00 ms.
Mono: successfully reloaded assembly
- Completed reload, in  1.105 seconds
Platform modules already initialized, skipping
Refreshing native plugins compatible for Editor in 0.68 ms, found 1 plugins.
Preloading 0 native plugins for Editor in 0.00 ms.
Unloading 1910 Unused Serialized files (Serialized files now loaded: 0)
System memory in use before: 87.8 MB.
System memory in use after: 87.9 MB.

Unloading 20 unused Assets to reduce memory usage. Loaded Objects now: 2396.
Total: 2.573600 ms (FindLiveObjects: 0.234600 ms CreateObjectMapping: 0.096900 ms MarkObjects: 2.208200 ms  DeleteObjects: 0.032000 ms)

========================================================================
Received Import Request.
  Time since last request: 61.505388 seconds.
  path: Assets/Scripts/PlayerController.cs
  artifactKey: Guid(b939e08075fe31d4ca4097f7e50bee1a) Importer(815301076,1909f56bfc062723c751e8b465ee728b)
Start importing Assets/Scripts/PlayerController.cs using Guid(b939e08075fe31d4ca4097f7e50bee1a) Importer(815301076,1909f56bfc062723c751e8b465ee728b)  -> (artifact id: '5e70e9fcd65995f3dc062e501543a805') in 0.008157 seconds
  Import took 0.019556 seconds .

========================================================================
Received Import Request.
  Time since last request: 0.046990 seconds.
  path: Assets/Scripts/PlayerController.cs
  artifactKey: Guid(b939e08075fe31d4ca4097f7e50bee1a) Importer(815301076,1909f56bfc062723c751e8b465ee728b)
Start importing Assets/Scripts/PlayerController.cs using Guid(b939e08075fe31d4ca4097f7e50bee1a) Importer(815301076,1909f56bfc062723c751e8b465ee728b)  -> (artifact id: '5e70e9fcd65995f3dc062e501543a805') in 0.005679 seconds
  Import took 0.009740 seconds .

========================================================================
Received Prepare
Registering precompiled user dll's ...
Registered in 0.001451 seconds.
Begin MonoManager ReloadAssembly
Native extension for WindowsStandalone target not found
Native extension for WebGL target not found
Refreshing native plugins compatible for Editor in 0.53 ms, found 1 plugins.
Preloading 0 native plugins for Editor in 0.00 ms.
Mono: successfully reloaded assembly
- Completed reload, in  1.080 seconds
Platform modules already initialized, skipping
Refreshing native plugins compatible for Editor in 0.60 ms, found 1 plugins.
Preloading 0 native plugins for Editor in 0.00 ms.
Unloading 1910 Unused Serialized files (Serialized files now loaded: 0)
System memory in use before: 87.8 MB.
System memory in use after: 87.9 MB.

Unloading 20 unused Assets to reduce memory usage. Loaded Objects now: 2400.
Total: 2.405100 ms (FindLiveObjects: 0.206200 ms CreateObjectMapping: 0.081100 ms MarkObjects: 2.043000 ms  DeleteObjects: 0.073600 ms)

========================================================================
Received Prepare
Registering precompiled user dll's ...
Registered in 0.001744 seconds.
Begin MonoManager ReloadAssembly
Native extension for WindowsStandalone target not found
Native extension for WebGL target not found
Refreshing native plugins compatible for Editor in 0.73 ms, found 1 plugins.
Preloading 0 native plugins for Editor in 0.00 ms.
Mono: successfully reloaded assembly
- Completed reload, in  1.165 seconds
Platform modules already initialized, skipping
Refreshing native plugins compatible for Editor in 0.86 ms, found 1 plugins.
Preloading 0 native plugins for Editor in 0.00 ms.
Unloading 1910 Unused Serialized files (Serialized files now loaded: 0)
System memory in use before: 87.8 MB.
System memory in use after: 87.9 MB.

Unloading 20 unused Assets to reduce memory usage. Loaded Objects now: 2404.
Total: 2.544500 ms (FindLiveObjects: 0.216200 ms CreateObjectMapping: 0.121000 ms MarkObjects: 2.161200 ms  DeleteObjects: 0.044800 ms)

========================================================================
Received Prepare
Registering precompiled user dll's ...
Registered in 0.010492 seconds.
Begin MonoManager ReloadAssembly
Native extension for WindowsStandalone target not found
Native extension for WebGL target not found
Refreshing native plugins compatible for Editor in 0.96 ms, found 1 plugins.
Preloading 0 native plugins for Editor in 0.00 ms.
Mono: successfully reloaded assembly
- Completed reload, in  1.872 seconds
Platform modules already initialized, skipping
Refreshing native plugins compatible for Editor in 0.63 ms, found 1 plugins.
Preloading 0 native plugins for Editor in 0.00 ms.
Unloading 1910 Unused Serialized files (Serialized files now loaded: 0)
System memory in use before: 87.8 MB.
System memory in use after: 87.9 MB.

Unloading 20 unused Assets to reduce memory usage. Loaded Objects now: 2408.
Total: 2.961100 ms (FindLiveObjects: 0.271400 ms CreateObjectMapping: 0.342600 ms MarkObjects: 2.314000 ms  DeleteObjects: 0.032000 ms)

========================================================================
Received Prepare
Registering precompiled user dll's ...
Registered in 0.001322 seconds.
Begin MonoManager ReloadAssembly
Native extension for WindowsStandalone target not found
Native extension for WebGL target not found
Refreshing native plugins compatible for Editor in 0.58 ms, found 1 plugins.
Preloading 0 native plugins for Editor in 0.00 ms.
Mono: successfully reloaded assembly
- Completed reload, in  1.257 seconds
Platform modules already initialized, skipping
Refreshing native plugins compatible for Editor in 1.43 ms, found 1 plugins.
Preloading 0 native plugins for Editor in 0.00 ms.
Unloading 1910 Unused Serialized files (Serialized files now loaded: 0)
System memory in use before: 87.8 MB.
System memory in use after: 87.9 MB.

Unloading 20 unused Assets to reduce memory usage. Loaded Objects now: 2412.
Total: 5.803400 ms (FindLiveObjects: 0.384400 ms CreateObjectMapping: 0.287900 ms MarkObjects: 5.050000 ms  DeleteObjects: 0.078100 ms)

========================================================================
Received Prepare
Registering precompiled user dll's ...
Registered in 0.001318 seconds.
Begin MonoManager ReloadAssembly
Native extension for WindowsStandalone target not found
Native extension for WebGL target not found
Refreshing native plugins compatible for Editor in 0.60 ms, found 1 plugins.
Preloading 0 native plugins for Editor in 0.00 ms.
Mono: successfully reloaded assembly
- Completed reload, in  1.161 seconds
Platform modules already initialized, skipping
Refreshing native plugins compatible for Editor in 0.70 ms, found 1 plugins.
Preloading 0 native plugins for Editor in 0.00 ms.
Unloading 1910 Unused Serialized files (Serialized files now loaded: 0)
System memory in use before: 87.8 MB.
System memory in use after: 87.9 MB.

Unloading 20 unused Assets to reduce memory usage. Loaded Objects now: 2416.
Total: 4.632000 ms (FindLiveObjects: 0.557200 ms CreateObjectMapping: 0.157400 ms MarkObjects: 3.886200 ms  DeleteObjects: 0.029100 ms)

========================================================================
Received Prepare
Registering precompiled user dll's ...
Registered in 0.057522 seconds.
Begin MonoManager ReloadAssembly
Native extension for WindowsStandalone target not found
Native extension for WebGL target not found
Refreshing native plugins compatible for Editor in 0.69 ms, found 1 plugins.
Preloading 0 native plugins for Editor in 0.00 ms.
Mono: successfully reloaded assembly
- Completed reload, in  1.380 seconds
Platform modules already initialized, skipping
Refreshing native plugins compatible for Editor in 0.55 ms, found 1 plugins.
Preloading 0 native plugins for Editor in 0.00 ms.
Unloading 1910 Unused Serialized files (Serialized files now loaded: 0)
System memory in use before: 87.8 MB.
System memory in use after: 87.9 MB.

Unloading 20 unused Assets to reduce memory usage. Loaded Objects now: 2420.
Total: 2.544100 ms (FindLiveObjects: 0.292900 ms CreateObjectMapping: 0.122400 ms MarkObjects: 2.042300 ms  DeleteObjects: 0.084900 ms)

========================================================================
Received Prepare
Registering precompiled user dll's ...
Registered in 0.001434 seconds.
Begin MonoManager ReloadAssembly
Native extension for WindowsStandalone target not found
Native extension for WebGL target not found
Refreshing native plugins compatible for Editor in 0.57 ms, found 1 plugins.
Preloading 0 native plugins for Editor in 0.00 ms.
Mono: successfully reloaded assembly
- Completed reload, in  1.200 seconds
Platform modules already initialized, skipping
Refreshing native plugins compatible for Editor in 0.85 ms, found 1 plugins.
Preloading 0 native plugins for Editor in 0.00 ms.
Unloading 1910 Unused Serialized files (Serialized files now loaded: 0)
System memory in use before: 87.8 MB.
System memory in use after: 87.9 MB.

Unloading 20 unused Assets to reduce memory usage. Loaded Objects now: 2424.
Total: 3.607900 ms (FindLiveObjects: 0.492000 ms CreateObjectMapping: 0.135500 ms MarkObjects: 2.944800 ms  DeleteObjects: 0.034100 ms)

========================================================================
Received Prepare
Registering precompiled user dll's ...
Registered in 0.004265 seconds.
Begin MonoManager ReloadAssembly
Native extension for WindowsStandalone target not found
Native extension for WebGL target not found
Refreshing native plugins compatible for Editor in 0.61 ms, found 1 plugins.
Preloading 0 native plugins for Editor in 0.00 ms.
Mono: successfully reloaded assembly
- Completed reload, in  1.319 seconds
Platform modules already initialized, skipping
Refreshing native plugins compatible for Editor in 0.62 ms, found 1 plugins.
Preloading 0 native plugins for Editor in 0.00 ms.
Unloading 1910 Unused Serialized files (Serialized files now loaded: 0)
System memory in use before: 87.8 MB.
System memory in use after: 88.0 MB.

Unloading 20 unused Assets to reduce memory usage. Loaded Objects now: 2428.
Total: 2.956000 ms (FindLiveObjects: 0.261000 ms CreateObjectMapping: 0.152600 ms MarkObjects: 2.473600 ms  DeleteObjects: 0.067400 ms)

========================================================================
Received Prepare
Registering precompiled user dll's ...
Registered in 0.001313 seconds.
Begin MonoManager ReloadAssembly
Native extension for WindowsStandalone target not found
Native extension for WebGL target not found
Refreshing native plugins compatible for Editor in 0.55 ms, found 1 plugins.
Preloading 0 native plugins for Editor in 0.00 ms.
Mono: successfully reloaded assembly
- Completed reload, in  1.273 seconds
Platform modules already initialized, skipping
Refreshing native plugins compatible for Editor in 0.60 ms, found 1 plugins.
Preloading 0 native plugins for Editor in 0.00 ms.
Unloading 1910 Unused Serialized files (Serialized files now loaded: 0)
System memory in use before: 87.8 MB.
System memory in use after: 88.0 MB.

Unloading 20 unused Assets to reduce memory usage. Loaded Objects now: 2432.
Total: 2.850000 ms (FindLiveObjects: 0.309000 ms CreateObjectMapping: 0.122900 ms MarkObjects: 2.340200 ms  DeleteObjects: 0.076100 ms)

========================================================================
Received Prepare
Registering precompiled user dll's ...
Registered in 0.001554 seconds.
Begin MonoManager ReloadAssembly
Native extension for WindowsStandalone target not found
Native extension for WebGL target not found
Refreshing native plugins compatible for Editor in 0.56 ms, found 1 plugins.
Preloading 0 native plugins for Editor in 0.00 ms.
Mono: successfully reloaded assembly
- Completed reload, in  1.283 seconds
Platform modules already initialized, skipping
Refreshing native plugins compatible for Editor in 0.63 ms, found 1 plugins.
Preloading 0 native plugins for Editor in 0.00 ms.
Unloading 1910 Unused Serialized files (Serialized files now loaded: 0)
System memory in use before: 87.9 MB.
System memory in use after: 88.0 MB.

Unloading 20 unused Assets to reduce memory usage. Loaded Objects now: 2436.
Total: 2.727700 ms (FindLiveObjects: 0.268000 ms CreateObjectMapping: 0.104500 ms MarkObjects: 2.321900 ms  DeleteObjects: 0.031400 ms)

========================================================================
Received Prepare
Registering precompiled user dll's ...
Registered in 0.001727 seconds.
Begin MonoManager ReloadAssembly
Native extension for WindowsStandalone target not found
Native extension for WebGL target not found
Refreshing native plugins compatible for Editor in 0.61 ms, found 1 plugins.
Preloading 0 native plugins for Editor in 0.00 ms.
Mono: successfully reloaded assembly
- Completed reload, in  1.110 seconds
Platform modules already initialized, skipping
Refreshing native plugins compatible for Editor in 0.65 ms, found 1 plugins.
Preloading 0 native plugins for Editor in 0.00 ms.
Unloading 1910 Unused Serialized files (Serialized files now loaded: 0)
System memory in use before: 87.9 MB.
System memory in use after: 88.0 MB.

Unloading 20 unused Assets to reduce memory usage. Loaded Objects now: 2440.
Total: 3.140600 ms (FindLiveObjects: 0.270700 ms CreateObjectMapping: 0.132900 ms MarkObjects: 2.705600 ms  DeleteObjects: 0.029900 ms)

========================================================================
Received Prepare
Registering precompiled user dll's ...
Registered in 0.001739 seconds.
Begin MonoManager ReloadAssembly
Native extension for WindowsStandalone target not found
Native extension for WebGL target not found
Refreshing native plugins compatible for Editor in 0.57 ms, found 1 plugins.
Preloading 0 native plugins for Editor in 0.00 ms.
Mono: successfully reloaded assembly
- Completed reload, in  1.120 seconds
Platform modules already initialized, skipping
Refreshing native plugins compatible for Editor in 0.58 ms, found 1 plugins.
Preloading 0 native plugins for Editor in 0.00 ms.
Unloading 1910 Unused Serialized files (Serialized files now loaded: 0)
System memory in use before: 87.9 MB.
System memory in use after: 88.0 MB.

Unloading 20 unused Assets to reduce memory usage. Loaded Objects now: 2444.
Total: 2.831300 ms (FindLiveObjects: 0.305300 ms CreateObjectMapping: 0.216800 ms MarkObjects: 2.251000 ms  DeleteObjects: 0.056900 ms)

========================================================================
Received Prepare
Registering precompiled user dll's ...
Registered in 0.001413 seconds.
Begin MonoManager ReloadAssembly
Native extension for WindowsStandalone target not found
Native extension for WebGL target not found
Refreshing native plugins compatible for Editor in 0.57 ms, found 1 plugins.
Preloading 0 native plugins for Editor in 0.00 ms.
Mono: successfully reloaded assembly
- Completed reload, in  1.140 seconds
Platform modules already initialized, skipping
Refreshing native plugins compatible for Editor in 0.59 ms, found 1 plugins.
Preloading 0 native plugins for Editor in 0.00 ms.
Unloading 1910 Unused Serialized files (Serialized files now loaded: 0)
System memory in use before: 87.9 MB.
System memory in use after: 88.0 MB.

Unloading 20 unused Assets to reduce memory usage. Loaded Objects now: 2448.
Total: 3.061800 ms (FindLiveObjects: 0.266600 ms CreateObjectMapping: 0.097300 ms MarkObjects: 2.624800 ms  DeleteObjects: 0.071600 ms)

========================================================================
Received Prepare
Registering precompiled user dll's ...
Registered in 0.004868 seconds.
Begin MonoManager ReloadAssembly
Native extension for WindowsStandalone target not found
Native extension for WebGL target not found
Refreshing native plugins compatible for Editor in 1.48 ms, found 1 plugins.
Preloading 0 native plugins for Editor in 0.00 ms.
Mono: successfully reloaded assembly
- Completed reload, in  1.352 seconds
Platform modules already initialized, skipping
Refreshing native plugins compatible for Editor in 0.60 ms, found 1 plugins.
Preloading 0 native plugins for Editor in 0.00 ms.
Unloading 1910 Unused Serialized files (Serialized files now loaded: 0)
System memory in use before: 87.9 MB.
System memory in use after: 88.0 MB.

Unloading 20 unused Assets to reduce memory usage. Loaded Objects now: 2452.
Total: 2.546500 ms (FindLiveObjects: 0.401100 ms CreateObjectMapping: 0.106700 ms MarkObjects: 2.010000 ms  DeleteObjects: 0.027100 ms)

========================================================================
Received Prepare
Registering precompiled user dll's ...
Registered in 0.002956 seconds.
Begin MonoManager ReloadAssembly
Native extension for WindowsStandalone target not found
Native extension for WebGL target not found
Refreshing native plugins compatible for Editor in 0.64 ms, found 1 plugins.
Preloading 0 native plugins for Editor in 0.00 ms.
Mono: successfully reloaded assembly
- Completed reload, in  1.448 seconds
Platform modules already initialized, skipping
Refreshing native plugins compatible for Editor in 0.84 ms, found 1 plugins.
Preloading 0 native plugins for Editor in 0.00 ms.
Unloading 1910 Unused Serialized files (Serialized files now loaded: 0)
System memory in use before: 87.9 MB.
System memory in use after: 88.0 MB.

Unloading 20 unused Assets to reduce memory usage. Loaded Objects now: 2456.
Total: 4.560500 ms (FindLiveObjects: 0.366800 ms CreateObjectMapping: 0.120900 ms MarkObjects: 4.008800 ms  DeleteObjects: 0.059100 ms)

========================================================================
Received Prepare
Registering precompiled user dll's ...
Registered in 0.001486 seconds.
Begin MonoManager ReloadAssembly
Native extension for WindowsStandalone target not found
Native extension for WebGL target not found
Refreshing native plugins compatible for Editor in 0.56 ms, found 1 plugins.
Preloading 0 native plugins for Editor in 0.00 ms.
Mono: successfully reloaded assembly
- Completed reload, in  1.104 seconds
Platform modules already initialized, skipping
Refreshing native plugins compatible for Editor in 0.60 ms, found 1 plugins.
Preloading 0 native plugins for Editor in 0.00 ms.
Unloading 1910 Unused Serialized files (Serialized files now loaded: 0)
System memory in use before: 87.9 MB.
System memory in use after: 88.0 MB.

Unloading 20 unused Assets to reduce memory usage. Loaded Objects now: 2460.
Total: 2.735300 ms (FindLiveObjects: 0.378700 ms CreateObjectMapping: 0.082400 ms MarkObjects: 2.210600 ms  DeleteObjects: 0.062200 ms)

========================================================================
Received Prepare
Registering precompiled user dll's ...
Registered in 0.001423 seconds.
Begin MonoManager ReloadAssembly
Native extension for WindowsStandalone target not found
Native extension for WebGL target not found
Refreshing native plugins compatible for Editor in 0.61 ms, found 1 plugins.
Preloading 0 native plugins for Editor in 0.00 ms.
Mono: successfully reloaded assembly
- Completed reload, in  1.132 seconds
Platform modules already initialized, skipping
Refreshing native plugins compatible for Editor in 1.71 ms, found 1 plugins.
Preloading 0 native plugins for Editor in 0.00 ms.
Unloading 1910 Unused Serialized files (Serialized files now loaded: 0)
System memory in use before: 87.9 MB.
System memory in use after: 88.0 MB.

Unloading 20 unused Assets to reduce memory usage. Loaded Objects now: 2464.
Total: 2.904800 ms (FindLiveObjects: 0.314700 ms CreateObjectMapping: 0.101700 ms MarkObjects: 2.461700 ms  DeleteObjects: 0.024600 ms)

========================================================================
Received Prepare
Registering precompiled user dll's ...
Registered in 0.001306 seconds.
Begin MonoManager ReloadAssembly
Native extension for WindowsStandalone target not found
Native extension for WebGL target not found
Refreshing native plugins compatible for Editor in 0.55 ms, found 1 plugins.
Preloading 0 native plugins for Editor in 0.00 ms.
Mono: successfully reloaded assembly
- Completed reload, in  1.075 seconds
Platform modules already initialized, skipping
Refreshing native plugins compatible for Editor in 0.75 ms, found 1 plugins.
Preloading 0 native plugins for Editor in 0.00 ms.
Unloading 1910 Unused Serialized files (Serialized files now loaded: 0)
System memory in use before: 87.9 MB.
System memory in use after: 88.0 MB.

Unloading 20 unused Assets to reduce memory usage. Loaded Objects now: 2468.
Total: 2.821400 ms (FindLiveObjects: 0.241100 ms CreateObjectMapping: 0.134500 ms MarkObjects: 2.383200 ms  DeleteObjects: 0.061300 ms)

========================================================================
Received Prepare
Registering precompiled user dll's ...
Registered in 0.001311 seconds.
Begin MonoManager ReloadAssembly
Native extension for WindowsStandalone target not found
Native extension for WebGL target not found
Refreshing native plugins compatible for Editor in 0.62 ms, found 1 plugins.
Preloading 0 native plugins for Editor in 0.00 ms.
Mono: successfully reloaded assembly
- Completed reload, in  1.288 seconds
Platform modules already initialized, skipping
Refreshing native plugins compatible for Editor in 0.63 ms, found 1 plugins.
Preloading 0 native plugins for Editor in 0.00 ms.
Unloading 1910 Unused Serialized files (Serialized files now loaded: 0)
System memory in use before: 87.9 MB.
System memory in use after: 88.0 MB.

Unloading 20 unused Assets to reduce memory usage. Loaded Objects now: 2472.
Total: 2.596100 ms (FindLiveObjects: 0.283500 ms CreateObjectMapping: 0.153000 ms MarkObjects: 2.119300 ms  DeleteObjects: 0.038500 ms)

========================================================================
Received Prepare
Registering precompiled user dll's ...
Registered in 0.001558 seconds.
Begin MonoManager ReloadAssembly
Native extension for WindowsStandalone target not found
Native extension for WebGL target not found
Refreshing native plugins compatible for Editor in 0.56 ms, found 1 plugins.
Preloading 0 native plugins for Editor in 0.00 ms.
Mono: successfully reloaded assembly
- Completed reload, in  1.163 seconds
Platform modules already initialized, skipping
Refreshing native plugins compatible for Editor in 0.90 ms, found 1 plugins.
Preloading 0 native plugins for Editor in 0.00 ms.
Unloading 1910 Unused Serialized files (Serialized files now loaded: 0)
System memory in use before: 87.9 MB.
System memory in use after: 88.1 MB.

Unloading 20 unused Assets to reduce memory usage. Loaded Objects now: 2476.
Total: 2.696300 ms (FindLiveObjects: 0.336500 ms CreateObjectMapping: 0.100300 ms MarkObjects: 2.228600 ms  DeleteObjects: 0.029600 ms)

========================================================================
Received Prepare
Registering precompiled user dll's ...
Registered in 0.001369 seconds.
Begin MonoManager ReloadAssembly
Native extension for WindowsStandalone target not found
Native extension for WebGL target not found
Refreshing native plugins compatible for Editor in 0.71 ms, found 1 plugins.
Preloading 0 native plugins for Editor in 0.00 ms.
Mono: successfully reloaded assembly
- Completed reload, in  1.150 seconds
Platform modules already initialized, skipping
Refreshing native plugins compatible for Editor in 0.76 ms, found 1 plugins.
Preloading 0 native plugins for Editor in 0.00 ms.
Unloading 1910 Unused Serialized files (Serialized files now loaded: 0)
System memory in use before: 88.0 MB.
System memory in use after: 88.1 MB.

Unloading 20 unused Assets to reduce memory usage. Loaded Objects now: 2480.
Total: 3.082900 ms (FindLiveObjects: 0.324200 ms CreateObjectMapping: 0.186200 ms MarkObjects: 2.492500 ms  DeleteObjects: 0.078600 ms)

========================================================================
Received Prepare
Registering precompiled user dll's ...
Registered in 0.001764 seconds.
Begin MonoManager ReloadAssembly
Native extension for WindowsStandalone target not found
Native extension for WebGL target not found
Refreshing native plugins compatible for Editor in 0.57 ms, found 1 plugins.
Preloading 0 native plugins for Editor in 0.00 ms.
Mono: successfully reloaded assembly
- Completed reload, in  1.156 seconds
Platform modules already initialized, skipping
Refreshing native plugins compatible for Editor in 0.65 ms, found 1 plugins.
Preloading 0 native plugins for Editor in 0.00 ms.
Unloading 1910 Unused Serialized files (Serialized files now loaded: 0)
System memory in use before: 88.0 MB.
System memory in use after: 88.1 MB.

Unloading 20 unused Assets to reduce memory usage. Loaded Objects now: 2484.
Total: 2.622700 ms (FindLiveObjects: 0.298400 ms CreateObjectMapping: 0.096100 ms MarkObjects: 2.155100 ms  DeleteObjects: 0.071200 ms)

========================================================================
Received Prepare
Registering precompiled user dll's ...
Registered in 0.001830 seconds.
Begin MonoManager ReloadAssembly
Native extension for WindowsStandalone target not found
Native extension for WebGL target not found
Refreshing native plugins compatible for Editor in 0.67 ms, found 1 plugins.
Preloading 0 native plugins for Editor in 0.00 ms.
Mono: successfully reloaded assembly
- Completed reload, in  1.143 seconds
Platform modules already initialized, skipping
Refreshing native plugins compatible for Editor in 0.70 ms, found 1 plugins.
Preloading 0 native plugins for Editor in 0.00 ms.
Unloading 1910 Unused Serialized files (Serialized files now loaded: 0)
System memory in use before: 88.0 MB.
System memory in use after: 88.1 MB.

Unloading 20 unused Assets to reduce memory usage. Loaded Objects now: 2488.
Total: 2.333200 ms (FindLiveObjects: 0.272600 ms CreateObjectMapping: 0.094100 ms MarkObjects: 1.941000 ms  DeleteObjects: 0.024400 ms)

========================================================================
Received Prepare
Registering precompiled user dll's ...
Registered in 0.001389 seconds.
Begin MonoManager ReloadAssembly
Native extension for WindowsStandalone target not found
Native extension for WebGL target not found
Refreshing native plugins compatible for Editor in 0.57 ms, found 1 plugins.
Preloading 0 native plugins for Editor in 0.00 ms.
Mono: successfully reloaded assembly
- Completed reload, in  1.095 seconds
Platform modules already initialized, skipping
Refreshing native plugins compatible for Editor in 0.62 ms, found 1 plugins.
Preloading 0 native plugins for Editor in 0.00 ms.
Unloading 1910 Unused Serialized files (Serialized files now loaded: 0)
System memory in use before: 88.0 MB.
System memory in use after: 88.1 MB.

Unloading 20 unused Assets to reduce memory usage. Loaded Objects now: 2492.
Total: 2.930300 ms (FindLiveObjects: 0.248600 ms CreateObjectMapping: 0.122900 ms MarkObjects: 2.525500 ms  DeleteObjects: 0.031800 ms)

========================================================================
Received Prepare
Registering precompiled user dll's ...
Registered in 0.001584 seconds.
Begin MonoManager ReloadAssembly
Native extension for WindowsStandalone target not found
Native extension for WebGL target not found
Refreshing native plugins compatible for Editor in 1.12 ms, found 1 plugins.
Preloading 0 native plugins for Editor in 0.00 ms.
Mono: successfully reloaded assembly
- Completed reload, in  1.098 seconds
Platform modules already initialized, skipping
Refreshing native plugins compatible for Editor in 0.78 ms, found 1 plugins.
Preloading 0 native plugins for Editor in 0.00 ms.
Unloading 1910 Unused Serialized files (Serialized files now loaded: 0)
System memory in use before: 88.0 MB.
System memory in use after: 88.1 MB.

Unloading 20 unused Assets to reduce memory usage. Loaded Objects now: 2496.
Total: 2.546600 ms (FindLiveObjects: 0.307200 ms CreateObjectMapping: 0.097900 ms MarkObjects: 2.092400 ms  DeleteObjects: 0.047300 ms)

========================================================================
Received Prepare
Registering precompiled user dll's ...
Registered in 0.026915 seconds.
Begin MonoManager ReloadAssembly
Native extension for WindowsStandalone target not found
Native extension for WebGL target not found
Refreshing native plugins compatible for Editor in 0.56 ms, found 1 plugins.
Preloading 0 native plugins for Editor in 0.00 ms.
Mono: successfully reloaded assembly
- Completed reload, in  1.684 seconds
Platform modules already initialized, skipping
Refreshing native plugins compatible for Editor in 0.58 ms, found 1 plugins.
Preloading 0 native plugins for Editor in 0.00 ms.
Unloading 1910 Unused Serialized files (Serialized files now loaded: 0)
System memory in use before: 88.0 MB.
System memory in use after: 88.1 MB.

Unloading 20 unused Assets to reduce memory usage. Loaded Objects now: 2500.
Total: 19.128200 ms (FindLiveObjects: 0.623700 ms CreateObjectMapping: 0.093500 ms MarkObjects: 18.349300 ms  DeleteObjects: 0.054100 ms)

========================================================================
Received Prepare
Registering precompiled user dll's ...
Registered in 0.043347 seconds.
Begin MonoManager ReloadAssembly
Native extension for WindowsStandalone target not found
Native extension for WebGL target not found
Refreshing native plugins compatible for Editor in 0.62 ms, found 1 plugins.
Preloading 0 native plugins for Editor in 0.00 ms.
Mono: successfully reloaded assembly
- Completed reload, in  6.501 seconds
Platform modules already initialized, skipping
Refreshing native plugins compatible for Editor in 0.60 ms, found 1 plugins.
Preloading 0 native plugins for Editor in 0.00 ms.
Unloading 1910 Unused Serialized files (Serialized files now loaded: 0)
System memory in use before: 88.0 MB.
System memory in use after: 88.1 MB.

Unloading 20 unused Assets to reduce memory usage. Loaded Objects now: 2504.
Total: 34.870400 ms (FindLiveObjects: 18.284400 ms CreateObjectMapping: 0.127300 ms MarkObjects: 16.176500 ms  DeleteObjects: 0.279300 ms)

========================================================================
Received Prepare
Registering precompiled user dll's ...
Registered in 0.001376 seconds.
Begin MonoManager ReloadAssembly
Native extension for WindowsStandalone target not found
Native extension for WebGL target not found
Refreshing native plugins compatible for Editor in 0.51 ms, found 1 plugins.
Preloading 0 native plugins for Editor in 0.00 ms.
Mono: successfully reloaded assembly
- Completed reload, in  1.175 seconds
Platform modules already initialized, skipping
Refreshing native plugins compatible for Editor in 0.56 ms, found 1 plugins.
Preloading 0 native plugins for Editor in 0.00 ms.
Unloading 1910 Unused Serialized files (Serialized files now loaded: 0)
System memory in use before: 88.0 MB.
System memory in use after: 88.1 MB.

Unloading 20 unused Assets to reduce memory usage. Loaded Objects now: 2508.
Total: 2.705900 ms (FindLiveObjects: 0.224100 ms CreateObjectMapping: 0.073000 ms MarkObjects: 2.340600 ms  DeleteObjects: 0.066500 ms)

========================================================================
Received Prepare
Registering precompiled user dll's ...
Registered in 0.001613 seconds.
Begin MonoManager ReloadAssembly
Native extension for WindowsStandalone target not found
Native extension for WebGL target not found
Refreshing native plugins compatible for Editor in 0.57 ms, found 1 plugins.
Preloading 0 native plugins for Editor in 0.00 ms.
Mono: successfully reloaded assembly
- Completed reload, in  1.409 seconds
Platform modules already initialized, skipping
Refreshing native plugins compatible for Editor in 0.58 ms, found 1 plugins.
Preloading 0 native plugins for Editor in 0.00 ms.
Unloading 1910 Unused Serialized files (Serialized files now loaded: 0)
System memory in use before: 88.0 MB.
System memory in use after: 88.1 MB.

Unloading 20 unused Assets to reduce memory usage. Loaded Objects now: 2512.
Total: 23.949500 ms (FindLiveObjects: 0.275100 ms CreateObjectMapping: 0.135100 ms MarkObjects: 23.498300 ms  DeleteObjects: 0.039200 ms)

========================================================================
Received Prepare
Registering precompiled user dll's ...
Registered in 0.001213 seconds.
Begin MonoManager ReloadAssembly
Native extension for WindowsStandalone target not found
Native extension for WebGL target not found
Refreshing native plugins compatible for Editor in 0.64 ms, found 1 plugins.
Preloading 0 native plugins for Editor in 0.00 ms.
Mono: successfully reloaded assembly
- Completed reload, in  1.330 seconds
Platform modules already initialized, skipping
Refreshing native plugins compatible for Editor in 0.64 ms, found 1 plugins.
Preloading 0 native plugins for Editor in 0.00 ms.
Unloading 1910 Unused Serialized files (Serialized files now loaded: 0)
System memory in use before: 88.0 MB.
System memory in use after: 88.2 MB.

Unloading 20 unused Assets to reduce memory usage. Loaded Objects now: 2516.
Total: 2.898900 ms (FindLiveObjects: 0.344100 ms CreateObjectMapping: 0.092000 ms MarkObjects: 2.388800 ms  DeleteObjects: 0.073000 ms)

========================================================================
Received Prepare
Registering precompiled user dll's ...
Registered in 0.010542 seconds.
Begin MonoManager ReloadAssembly
Native extension for WindowsStandalone target not found
Native extension for WebGL target not found
Refreshing native plugins compatible for Editor in 0.68 ms, found 1 plugins.
Preloading 0 native plugins for Editor in 0.00 ms.
Mono: successfully reloaded assembly
- Completed reload, in  2.083 seconds
Platform modules already initialized, skipping
Refreshing native plugins compatible for Editor in 0.67 ms, found 1 plugins.
Preloading 0 native plugins for Editor in 0.00 ms.
Unloading 1910 Unused Serialized files (Serialized files now loaded: 0)
System memory in use before: 88.0 MB.
System memory in use after: 88.2 MB.

Unloading 20 unused Assets to reduce memory usage. Loaded Objects now: 2520.
Total: 2.852600 ms (FindLiveObjects: 0.332100 ms CreateObjectMapping: 0.108500 ms MarkObjects: 2.349100 ms  DeleteObjects: 0.061700 ms)

========================================================================
Received Prepare
Registering precompiled user dll's ...
Registered in 0.001525 seconds.
Begin MonoManager ReloadAssembly
Native extension for WindowsStandalone target not found
Native extension for WebGL target not found
Refreshing native plugins compatible for Editor in 0.70 ms, found 1 plugins.
Preloading 0 native plugins for Editor in 0.00 ms.
Mono: successfully reloaded assembly
- Completed reload, in  1.501 seconds
Platform modules already initialized, skipping
Refreshing native plugins compatible for Editor in 0.84 ms, found 1 plugins.
Preloading 0 native plugins for Editor in 0.00 ms.
Unloading 1910 Unused Serialized files (Serialized files now loaded: 0)
System memory in use before: 88.1 MB.
System memory in use after: 88.2 MB.

Unloading 20 unused Assets to reduce memory usage. Loaded Objects now: 2524.
Total: 3.198400 ms (FindLiveObjects: 0.552700 ms CreateObjectMapping: 0.208500 ms MarkObjects: 2.365700 ms  DeleteObjects: 0.070200 ms)

========================================================================
Received Prepare
Registering precompiled user dll's ...
Registered in 0.001450 seconds.
Begin MonoManager ReloadAssembly
Native extension for WindowsStandalone target not found
Native extension for WebGL target not found
Refreshing native plugins compatible for Editor in 0.63 ms, found 1 plugins.
Preloading 0 native plugins for Editor in 0.00 ms.
Mono: successfully reloaded assembly
- Completed reload, in  1.533 seconds
Platform modules already initialized, skipping
Refreshing native plugins compatible for Editor in 0.59 ms, found 1 plugins.
Preloading 0 native plugins for Editor in 0.00 ms.
Unloading 1910 Unused Serialized files (Serialized files now loaded: 0)
System memory in use before: 88.1 MB.
System memory in use after: 88.2 MB.

Unloading 20 unused Assets to reduce memory usage. Loaded Objects now: 2528.
Total: 5.413300 ms (FindLiveObjects: 0.368700 ms CreateObjectMapping: 0.153200 ms MarkObjects: 4.844600 ms  DeleteObjects: 0.044000 ms)

========================================================================
Received Prepare
Registering precompiled user dll's ...
Registered in 0.001488 seconds.
Begin MonoManager ReloadAssembly
Native extension for WindowsStandalone target not found
Native extension for WebGL target not found
Refreshing native plugins compatible for Editor in 1.63 ms, found 1 plugins.
Preloading 0 native plugins for Editor in 0.00 ms.
Mono: successfully reloaded assembly
- Completed reload, in  1.444 seconds
Platform modules already initialized, skipping
Refreshing native plugins compatible for Editor in 1.86 ms, found 1 plugins.
Preloading 0 native plugins for Editor in 0.00 ms.
Unloading 1910 Unused Serialized files (Serialized files now loaded: 0)
System memory in use before: 88.1 MB.
System memory in use after: 88.2 MB.

Unloading 20 unused Assets to reduce memory usage. Loaded Objects now: 2532.
Total: 14.733200 ms (FindLiveObjects: 0.408800 ms CreateObjectMapping: 0.143500 ms MarkObjects: 14.152300 ms  DeleteObjects: 0.026900 ms)

========================================================================
Received Prepare
Registering precompiled user dll's ...
Registered in 0.004053 seconds.
Begin MonoManager ReloadAssembly
Native extension for WindowsStandalone target not found
Native extension for WebGL target not found
Refreshing native plugins compatible for Editor in 0.72 ms, found 1 plugins.
Preloading 0 native plugins for Editor in 0.00 ms.
Mono: successfully reloaded assembly
- Completed reload, in  1.658 seconds
Platform modules already initialized, skipping
Refreshing native plugins compatible for Editor in 0.61 ms, found 1 plugins.
Preloading 0 native plugins for Editor in 0.00 ms.
Unloading 1910 Unused Serialized files (Serialized files now loaded: 0)
System memory in use before: 88.1 MB.
System memory in use after: 88.2 MB.

Unloading 20 unused Assets to reduce memory usage. Loaded Objects now: 2536.
Total: 2.764500 ms (FindLiveObjects: 0.434000 ms CreateObjectMapping: 0.171100 ms MarkObjects: 2.085500 ms  DeleteObjects: 0.071900 ms)

========================================================================
Received Prepare
Registering precompiled user dll's ...
Registered in 0.001608 seconds.
Begin MonoManager ReloadAssembly
Native extension for WindowsStandalone target not found
Native extension for WebGL target not found
Refreshing native plugins compatible for Editor in 0.57 ms, found 1 plugins.
Preloading 0 native plugins for Editor in 0.00 ms.
Mono: successfully reloaded assembly
- Completed reload, in  1.159 seconds
Platform modules already initialized, skipping
Refreshing native plugins compatible for Editor in 0.59 ms, found 1 plugins.
Preloading 0 native plugins for Editor in 0.00 ms.
Unloading 1910 Unused Serialized files (Serialized files now loaded: 0)
System memory in use before: 88.1 MB.
System memory in use after: 88.2 MB.

Unloading 20 unused Assets to reduce memory usage. Loaded Objects now: 2540.
Total: 13.034000 ms (FindLiveObjects: 0.291700 ms CreateObjectMapping: 0.201000 ms MarkObjects: 2.931100 ms  DeleteObjects: 9.608100 ms)

========================================================================
Received Prepare
Registering precompiled user dll's ...
Registered in 0.001443 seconds.
Begin MonoManager ReloadAssembly
Native extension for WindowsStandalone target not found
Native extension for WebGL target not found
Refreshing native plugins compatible for Editor in 0.69 ms, found 1 plugins.
Preloading 0 native plugins for Editor in 0.00 ms.
Mono: successfully reloaded assembly
- Completed reload, in  1.207 seconds
Platform modules already initialized, skipping
Refreshing native plugins compatible for Editor in 1.15 ms, found 1 plugins.
Preloading 0 native plugins for Editor in 0.00 ms.
Unloading 1910 Unused Serialized files (Serialized files now loaded: 0)
System memory in use before: 88.1 MB.
System memory in use after: 88.2 MB.

Unloading 20 unused Assets to reduce memory usage. Loaded Objects now: 2544.
Total: 2.536100 ms (FindLiveObjects: 0.289500 ms CreateObjectMapping: 0.150600 ms MarkObjects: 2.064300 ms  DeleteObjects: 0.029800 ms)

========================================================================
Received Prepare
Registering precompiled user dll's ...
Registered in 0.001382 seconds.
Begin MonoManager ReloadAssembly
Native extension for WindowsStandalone target not found
Native extension for WebGL target not found
Refreshing native plugins compatible for Editor in 1.03 ms, found 1 plugins.
Preloading 0 native plugins for Editor in 0.00 ms.
Mono: successfully reloaded assembly
- Completed reload, in  2.034 seconds
Platform modules already initialized, skipping
Refreshing native plugins compatible for Editor in 1.03 ms, found 1 plugins.
Preloading 0 native plugins for Editor in 0.00 ms.
Unloading 1910 Unused Serialized files (Serialized files now loaded: 0)
System memory in use before: 88.1 MB.
System memory in use after: 88.2 MB.

Unloading 20 unused Assets to reduce memory usage. Loaded Objects now: 2548.
Total: 3.008200 ms (FindLiveObjects: 0.259500 ms CreateObjectMapping: 0.090200 ms MarkObjects: 2.579300 ms  DeleteObjects: 0.068500 ms)

========================================================================
Received Prepare
Registering precompiled user dll's ...
Registered in 0.002425 seconds.
Begin MonoManager ReloadAssembly
Native extension for WindowsStandalone target not found
Native extension for WebGL target not found
Refreshing native plugins compatible for Editor in 0.70 ms, found 1 plugins.
Preloading 0 native plugins for Editor in 0.00 ms.
Mono: successfully reloaded assembly
- Completed reload, in  1.286 seconds
Platform modules already initialized, skipping
Refreshing native plugins compatible for Editor in 0.61 ms, found 1 plugins.
Preloading 0 native plugins for Editor in 0.00 ms.
Unloading 1910 Unused Serialized files (Serialized files now loaded: 0)
System memory in use before: 88.1 MB.
System memory in use after: 88.2 MB.

Unloading 20 unused Assets to reduce memory usage. Loaded Objects now: 2552.
Total: 2.544200 ms (FindLiveObjects: 0.296500 ms CreateObjectMapping: 0.083600 ms MarkObjects: 2.068200 ms  DeleteObjects: 0.094300 ms)

