Using pre-set license
Built from '2020.3/release' branch; Version is '2020.3.7f1 (dd97f2c94397) revision 14522354'; Using compiler version '192528614'; Build Type 'Release'
OS: 'Windows 10 Pro; OS build 19044.1526; Version 2009; 64bit' Language: 'en' Physical Memory: 3969 MB
BatchMode: 1, IsHumanControllingUs: 0, StartBugReporterOnCrash: 0, Is64bit: 1, IsPro: 0

 COMMAND LINE ARGUMENTS:
D:\VSCode\2020.3.7f1\Editor\Unity.exe
-adb2
-batchMode
-noUpm
-name
AssetImportWorker2
-projectPath
C:/Users/Admin/Documents/GitHub/Endless Runner
-logFile
Logs/AssetImportWorker2.log
-srvPort
62497
Successfully changed project path to: C:/Users/Admin/Documents/GitHub/Endless Runner
C:/Users/Admin/Documents/GitHub/Endless Runner
Using Asset Import Pipeline V2.
Refreshing native plugins compatible for Editor in 78.69 ms, found 1 plugins.
Preloading 0 native plugins for Editor in 0.00 ms.
Initialize engine version: 2020.3.7f1 (dd97f2c94397)
[Subsystems] Discovering subsystems at path D:/VSCode/2020.3.7f1/Editor/Data/Resources/UnitySubsystems
[Subsystems] Discovering subsystems at path C:/Users/Admin/Documents/GitHub/Endless Runner/Assets
GfxDevice: creating device client; threaded=0
Direct3D:
    Version:  Direct3D 11.0 [level 11.0]
    Renderer: NVIDIA GeForce GTX 960M (ID=0x139b)
    Vendor:   
    VRAM:     4055 MB
    Driver:   23.21.13.9125
Initialize mono
Mono path[0] = 'D:/VSCode/2020.3.7f1/Editor/Data/Managed'
Mono path[1] = 'D:/VSCode/2020.3.7f1/Editor/Data/MonoBleedingEdge/lib/mono/unityjit'
Mono config path = 'D:/VSCode/2020.3.7f1/Editor/Data/MonoBleedingEdge/etc'
Using monoOptions --debugger-agent=transport=dt_socket,embedding=1,server=y,suspend=n,address=127.0.0.1:56652
Begin MonoManager ReloadAssembly
